2025-06-02 12:14:10,436:INFO:Chosen guild: 2 (Guild of Highlands)
2025-06-02 12:14:10,436:INFO:--- Card Display ---
- Dragon Cards: [(39, 'Weary Gryphdragon'), (104, 'Gliding Taiga Drake'), (172, 'Augural Fae')]
- Cave Cards: [(7, 'Gain [CaveCard][AnyResource].'), (10, 'Gain [CaveCard]. Lay [Egg][Egg].'), (69, 'Up to 3x, pay [AnyResource] to gain [DragonGuild]. Each opponent may do this 1x.')]
---------------------
2025-06-02 12:14:10,436:INFO:Drawing objectives:
2025-06-02 12:14:10,436:INFO:Objective Tile 1 Side side_b:
	Dragons & cave cards in your Golden Grotto, including cave cards covered by a dragon.
2025-06-02 12:14:10,436:INFO:Objective Tile 0 Side side_a:
	Cave Cards on your player mat, including those covered by a dragon.
2025-06-02 12:14:10,436:INFO:Objective Tile 2 Side side_a:
	Total Egg Capacity on your dragons (not eggs themselves).
2025-06-02 12:14:10,436:INFO:Objective Tile 6 Side side_b:
	Small Dragons on your player mat.
2025-06-02 12:14:10,436:INFO:Player State:
	Dragon Hand: [(18, 'Keening Amphiptere'), (64, 'Scaly Rock Dragon'), (24, 'Vampiric Horned Dragon')]
	Cave Hand: [(74, 'Up to 3x, pay [Egg] to gain [AnyResource][AnyResource]. Each opponent may do this 1x.'), (57, 'Lay [Egg][Egg][Egg].'), (9, 'Gain [CaveCard][DragonGuild].')]
	Resources: {'meat': 0, 'gold': 0, 'crystal': 0, 'milk': 0}
	Egg Totals: {'mat_slots': 1, 'crimson_cavern': 0, 'golden_grotto': 0, 'amethyst_abyss': 0}
	Dragons Played: {'crimson_cavern': 0, 'golden_grotto': 0, 'amethyst_abyss': 0}
	Score: 0
	Guild Markers: 4
	Coins: 6
	Caves Played: {'crimson_cavern': [-1, None, None, None], 'golden_grotto': [-1, None, None, None], 'amethyst_abyss': [-1, None, None, None]}
	Dragons Played: {'crimson_cavern': [None, None, None, None], 'golden_grotto': [None, None, None, None], 'amethyst_abyss': [None, None, None, None]}
	Cached Resources: {'crimson_cavern': [defaultdict(<class 'int'>, {}), defaultdict(<class 'int'>, {}), defaultdict(<class 'int'>, {}), defaultdict(<class 'int'>, {})], 'golden_grotto': [defaultdict(<class 'int'>, {}), defaultdict(<class 'int'>, {}), defaultdict(<class 'int'>, {}), defaultdict(<class 'int'>, {})], 'amethyst_abyss': [defaultdict(<class 'int'>, {}), defaultdict(<class 'int'>, {}), defaultdict(<class 'int'>, {}), defaultdict(<class 'int'>, {})]}
	Tucked Dragons: {'crimson_cavern': [[], [], [], []], 'golden_grotto': [[], [], [], []], 'amethyst_abyss': [[], [], [], []]}
	Nested Eggs: {'crimson_cavern': [[0, 0], [0, 0], [0, 0], [0, 0]], 'golden_grotto': [[0, 0], [0, 0], [0, 0], [0, 0]], 'amethyst_abyss': [[0, 0], [0, 0], [0, 0], [0, 0]]}
	Times Explored: {'crimson_cavern': 0, 'golden_grotto': 0, 'amethyst_abyss': 0}

2025-06-02 12:14:10,436:DEBUG:*** Running get_next_state with chosen_input: None
2025-06-02 12:14:10,436:DEBUG:	No choice or random event to resolve
2025-06-02 12:14:10,436:DEBUG:- Not halted, checking event queue
2025-06-02 12:14:10,436:DEBUG:Current event queue: []
2025-06-02 12:14:10,437:INFO:** Progressing game. Current phase: setup
2025-06-02 12:14:10,437:INFO:Current player: Player State:
	Dragon Hand: [(18, 'Keening Amphiptere'), (64, 'Scaly Rock Dragon'), (24, 'Vampiric Horned Dragon')]
	Cave Hand: [(74, 'Up to 3x, pay [Egg] to gain [AnyResource][AnyResource]. Each opponent may do this 1x.'), (57, 'Lay [Egg][Egg][Egg].'), (9, 'Gain [CaveCard][DragonGuild].')]
	Resources: {'meat': 0, 'gold': 0, 'crystal': 0, 'milk': 0}
	Egg Totals: {'mat_slots': 1, 'crimson_cavern': 0, 'golden_grotto': 0, 'amethyst_abyss': 0}
	Dragons Played: {'crimson_cavern': 0, 'golden_grotto': 0, 'amethyst_abyss': 0}
	Score: 0
	Guild Markers: 4
	Coins: 6
	Caves Played: {'crimson_cavern': [-1, None, None, None], 'golden_grotto': [-1, None, None, None], 'amethyst_abyss': [-1, None, None, None]}
	Dragons Played: {'crimson_cavern': [None, None, None, None], 'golden_grotto': [None, None, None, None], 'amethyst_abyss': [None, None, None, None]}
	Cached Resources: {'crimson_cavern': [defaultdict(<class 'int'>, {}), defaultdict(<class 'int'>, {}), defaultdict(<class 'int'>, {}), defaultdict(<class 'int'>, {})], 'golden_grotto': [defaultdict(<class 'int'>, {}), defaultdict(<class 'int'>, {}), defaultdict(<class 'int'>, {}), defaultdict(<class 'int'>, {})], 'amethyst_abyss': [defaultdict(<class 'int'>, {}), defaultdict(<class 'int'>, {}), defaultdict(<class 'int'>, {}), defaultdict(<class 'int'>, {})]}
	Tucked Dragons: {'crimson_cavern': [[], [], [], []], 'golden_grotto': [[], [], [], []], 'amethyst_abyss': [[], [], [], []]}
	Nested Eggs: {'crimson_cavern': [[0, 0], [0, 0], [0, 0], [0, 0]], 'golden_grotto': [[0, 0], [0, 0], [0, 0], [0, 0]], 'amethyst_abyss': [[0, 0], [0, 0], [0, 0], [0, 0]]}
	Times Explored: {'crimson_cavern': 0, 'golden_grotto': 0, 'amethyst_abyss': 0}

2025-06-02 12:14:10,437:INFO:--- Card Display ---
- Dragon Cards: [(39, 'Weary Gryphdragon'), (104, 'Gliding Taiga Drake'), (172, 'Augural Fae')]
- Cave Cards: [(7, 'Gain [CaveCard][AnyResource].'), (10, 'Gain [CaveCard]. Lay [Egg][Egg].'), (69, 'Up to 3x, pay [AnyResource] to gain [DragonGuild]. Each opponent may do this 1x.')]
---------------------
2025-06-02 12:14:10,437:INFO:Phase: PHASE_SETUP
2025-06-02 12:14:10,437:INFO:>> Player must discard down to 4 cards.
2025-06-02 12:14:10,437:DEBUG:Game progression complete. Returning game state.
2025-06-02 12:14:10,437:DEBUG:- Not halted, checking event queue
2025-06-02 12:14:10,437:DEBUG:Current event queue: [{'adv_effects': {'choice': [{'adv_effects': {'sequence': [{'discard_dragon': {'dragon': 18}}, {'discard_dragon': {'dragon': 64}}]}}, {'adv_effects': {'sequence': [{'discard_dragon': {'dragon': 18}}, {'discard_dragon': {'dragon': 24}}]}}, {'adv_effects': {'sequence': [{'discard_dragon': {'dragon': 18}}, {'discard_cave': {'cave': 74}}]}}, {'adv_effects': {'sequence': [{'discard_dragon': {'dragon': 18}}, {'discard_cave': {'cave': 57}}]}}, {'adv_effects': {'sequence': [{'discard_dragon': {'dragon': 18}}, {'discard_cave': {'cave': 9}}]}}, {'adv_effects': {'sequence': [{'discard_dragon': {'dragon': 64}}, {'discard_dragon': {'dragon': 24}}]}}, {'adv_effects': {'sequence': [{'discard_dragon': {'dragon': 64}}, {'discard_cave': {'cave': 74}}]}}, {'adv_effects': {'sequence': [{'discard_dragon': {'dragon': 64}}, {'discard_cave': {'cave': 57}}]}}, {'adv_effects': {'sequence': [{'discard_dragon': {'dragon': 64}}, {'discard_cave': {'cave': 9}}]}}, {'adv_effects': {'sequence': [{'discard_dragon': {'dragon': 24}}, {'discard_cave': {'cave': 74}}]}}, {'adv_effects': {'sequence': [{'discard_dragon': {'dragon': 24}}, {'discard_cave': {'cave': 57}}]}}, {'adv_effects': {'sequence': [{'discard_dragon': {'dragon': 24}}, {'discard_cave': {'cave': 9}}]}}, {'adv_effects': {'sequence': [{'discard_cave': {'cave': 74}}, {'discard_cave': {'cave': 57}}]}}, {'adv_effects': {'sequence': [{'discard_cave': {'cave': 74}}, {'discard_cave': {'cave': 9}}]}}, {'adv_effects': {'sequence': [{'discard_cave': {'cave': 57}}, {'discard_cave': {'cave': 9}}]}}]}}]
2025-06-02 12:14:10,437:DEBUG:** Applying action: {'adv_effects': {'choice': [{'adv_effects': {'sequence': [{'discard_dragon': {'dragon': 18}}, {'discard_dragon': {'dragon': 64}}]}}, {'adv_effects': {'sequence': [{'discard_dragon': {'dragon': 18}}, {'discard_dragon': {'dragon': 24}}]}}, {'adv_effects': {'sequence': [{'discard_dragon': {'dragon': 18}}, {'discard_cave': {'cave': 74}}]}}, {'adv_effects': {'sequence': [{'discard_dragon': {'dragon': 18}}, {'discard_cave': {'cave': 57}}]}}, {'adv_effects': {'sequence': [{'discard_dragon': {'dragon': 18}}, {'discard_cave': {'cave': 9}}]}}, {'adv_effects': {'sequence': [{'discard_dragon': {'dragon': 64}}, {'discard_dragon': {'dragon': 24}}]}}, {'adv_effects': {'sequence': [{'discard_dragon': {'dragon': 64}}, {'discard_cave': {'cave': 74}}]}}, {'adv_effects': {'sequence': [{'discard_dragon': {'dragon': 64}}, {'discard_cave': {'cave': 57}}]}}, {'adv_effects': {'sequence': [{'discard_dragon': {'dragon': 64}}, {'discard_cave': {'cave': 9}}]}}, {'adv_effects': {'sequence': [{'discard_dragon': {'dragon': 24}}, {'discard_cave': {'cave': 74}}]}}, {'adv_effects': {'sequence': [{'discard_dragon': {'dragon': 24}}, {'discard_cave': {'cave': 57}}]}}, {'adv_effects': {'sequence': [{'discard_dragon': {'dragon': 24}}, {'discard_cave': {'cave': 9}}]}}, {'adv_effects': {'sequence': [{'discard_cave': {'cave': 74}}, {'discard_cave': {'cave': 57}}]}}, {'adv_effects': {'sequence': [{'discard_cave': {'cave': 74}}, {'discard_cave': {'cave': 9}}]}}, {'adv_effects': {'sequence': [{'discard_cave': {'cave': 57}}, {'discard_cave': {'cave': 9}}]}}]}}
