2025-07-31 22:38:39,432:WARNING:Running game with seed 6302025 and NRPA level 2
2025-07-31 22:38:39,432:WARNING:> Objectives Drawn:
2025-07-31 22:38:39,432:WARNING:Round 1: Small Dragons on your player mat.

2025-07-31 22:38:39,432:WARNING:Round 2: Dragons & cave cards in your Golden Grotto, including cave cards covered by a dragon.

2025-07-31 22:38:39,433:WARNING:Round 3: Medium Dragons on your player mat.

2025-07-31 22:38:39,433:WARNING:Round 4: Dragons & cave cards in your Amethyst Abyss, including cave cards covered by a dragon.

2025-07-31 22:38:39,433:WARNING:
> Initial Game State:
2025-07-31 22:38:39,433:WARNING:
Game State:
	Turn: 0
	Phase: setup
	Dragon Discard: []
	Cave Discard: []
	Event Queue: []
	Guild Board: {'guild_index': 2, 'ability_uses': {1: [], 2: [], 3: [], 4: [], 5: []}, 'player_position': 0, 'automa_position': 0, 'automa_markers_ready': 1} (Guild of Highlands)
Player State:
	Dragon Hand: [(30, 'Cackling Dragonette'), (98, 'Little Amphiptere'), (11, 'Seedeating Drake')]
	Cave Hand: [(19, 'Gain [Crystal]. Lay [Egg].'), (45, 'Gain [Meat][Meat].'), (48, 'Gain [Meat]. Lay [Egg].')]
	Resources: {'meat': 0, 'gold': 0, 'crystal': 0, 'milk': 0}
	Egg Totals: {'mat_slots': 1, 'crimson_cavern': 0, 'golden_grotto': 0, 'amethyst_abyss': 0}
	Dragons Played: {'crimson_cavern': 0, 'golden_grotto': 0, 'amethyst_abyss': 0}
	Score: 0
	Guild Markers: 4
	Coins: 6
	Caves Played: {'crimson_cavern': [-1, None, None, None], 'golden_grotto': [-1, None, None, None], 'amethyst_abyss': [-1, None, None, None]}
	Dragons Played: {'crimson_cavern': [None, None, None, None], 'golden_grotto': [None, None, None, None], 'amethyst_abyss': [None, None, None, None]}
	Cached Resources: {'crimson_cavern': [defaultdict(<class 'int'>, {}), defaultdict(<class 'int'>, {}), defaultdict(<class 'int'>, {}), defaultdict(<class 'int'>, {})], 'golden_grotto': [defaultdict(<class 'int'>, {}), defaultdict(<class 'int'>, {}), defaultdict(<class 'int'>, {}), defaultdict(<class 'int'>, {})], 'amethyst_abyss': [defaultdict(<class 'int'>, {}), defaultdict(<class 'int'>, {}), defaultdict(<class 'int'>, {}), defaultdict(<class 'int'>, {})]}
	Tucked Dragons: {'crimson_cavern': [[], [], [], []], 'golden_grotto': [[], [], [], []], 'amethyst_abyss': [[], [], [], []]}
	Nested Eggs: {'crimson_cavern': [[0, 0], [0, 0], [0, 0], [0, 0]], 'golden_grotto': [[0, 0], [0, 0], [0, 0], [0, 0]], 'amethyst_abyss': [[0, 0], [0, 0], [0, 0], [0, 0]]}
	Times Explored: {'crimson_cavern': 0, 'golden_grotto': 0, 'amethyst_abyss': 0}

Automa State:
	Dragons: []
	Caves: []
	Score: 0
	Difficulty: Automa Level 1 (Easy)
	Passed this round: False
	Decision Deck: [0, 1, 2, 3, 4, 5, 6, 7]

2025-07-31 22:38:39,434:WARNING:
--- Card Display ---
- Dragon Cards: [(6, 'Flocking Dragonette'), (129, 'Red-Crested Gryphdragon'), (154, 'Contrary Lung Dragon')]
- Cave Cards: [(41, 'Gain [Meat][Crystal].'), (58, 'Pay [AnyResource][AnyResource], then draw [CaveCard] from the deck and immediately play it for free.'), (49, 'Gain [Milk][Milk].')]
---------------------
2025-07-31 22:38:39,434:WARNING:
{'round': 0, 'objectives': [(6, 'side_b'), (1, 'side_b'), (7, 'side_a'), (0, 'side_b')], 'scoring': [{'1st': [], '2nd': [], 'Other': []}, {'1st': [], '2nd': [], 'Other': []}, {'1st': [], '2nd': [], 'Other': []}, {'1st': [], '2nd': [], 'Other': []}], 'automa_bonus': [0, 0, 0, 0], 'finished_opr': False, 'opr_remaining': None, 'egg_given': False}
2025-07-31 22:38:39,434:WARNING:> Phase: setup
2025-07-31 22:38:39,434:WARNING:>>> Score: Player = 0 | Automa = 0
2025-07-31 22:38:39,434:WARNING:Round 1 | Player Coins: 6 | Automa Decisions: 7
2025-07-31 22:38:39,435:WARNING:> Points: Player = 0 | Automa = 0
2025-07-31 22:38:39,435:WARNING:Current choice: [{'adv_effects': {'sequence': [{'discard_dragon': {'dragon': 30}}, {'discard_dragon': {'dragon': 98}}]}, 'coords': None}, {'adv_effects': {'sequence': [{'discard_dragon': {'dragon': 30}}, {'discard_dragon': {'dragon': 11}}]}, 'coords': None}, {'adv_effects': {'sequence': [{'discard_dragon': {'dragon': 30}}, {'discard_cave': {'cave': 19}}]}, 'coords': None}, {'adv_effects': {'sequence': [{'discard_dragon': {'dragon': 30}}, {'discard_cave': {'cave': 45}}]}, 'coords': None}, {'adv_effects': {'sequence': [{'discard_dragon': {'dragon': 30}}, {'discard_cave': {'cave': 48}}]}, 'coords': None}, {'adv_effects': {'sequence': [{'discard_dragon': {'dragon': 98}}, {'discard_dragon': {'dragon': 11}}]}, 'coords': None}, {'adv_effects': {'sequence': [{'discard_dragon': {'dragon': 98}}, {'discard_cave': {'cave': 19}}]}, 'coords': None}, {'adv_effects': {'sequence': [{'discard_dragon': {'dragon': 98}}, {'discard_cave': {'cave': 45}}]}, 'coords': None}, {'adv_effects': {'sequence': [{'discard_dragon': {'dragon': 98}}, {'discard_cave': {'cave': 48}}]}, 'coords': None}, {'adv_effects': {'sequence': [{'discard_dragon': {'dragon': 11}}, {'discard_cave': {'cave': 19}}]}, 'coords': None}, {'adv_effects': {'sequence': [{'discard_dragon': {'dragon': 11}}, {'discard_cave': {'cave': 45}}]}, 'coords': None}, {'adv_effects': {'sequence': [{'discard_dragon': {'dragon': 11}}, {'discard_cave': {'cave': 48}}]}, 'coords': None}, {'adv_effects': {'sequence': [{'discard_cave': {'cave': 19}}, {'discard_cave': {'cave': 45}}]}, 'coords': None}, {'adv_effects': {'sequence': [{'discard_cave': {'cave': 19}}, {'discard_cave': {'cave': 48}}]}, 'coords': None}, {'adv_effects': {'sequence': [{'discard_cave': {'cave': 45}}, {'discard_cave': {'cave': 48}}]}, 'coords': None}]
2025-07-31 22:38:39,435:WARNING:>>> Iteration 1/50 at level 2
2025-07-31 22:38:47,563:WARNING:	New best score found: 0.0484
2025-07-31 22:39:02,351:WARNING:	New best score found: 0.0484
2025-07-31 22:39:10,286:WARNING:	New best score found: 0.0529
